f:\aladdinproject\aladdin\build\x64\release\aladdin.pdb
f:\aladdinproject\aladdin\build\x64\release\color.obj
f:\aladdinproject\aladdin\build\x64\release\classmeta.obj
f:\aladdinproject\aladdin\build\x64\release\application.obj
f:\aladdinproject\aladdin\build\x64\release\sound.obj
f:\aladdinproject\aladdin\build\x64\release\dxaudio.obj
f:\aladdinproject\aladdin\build\x64\release\audiosource.obj
f:\aladdinproject\aladdin\build\x64\release\audioclip.obj
f:\aladdinproject\aladdin\build\x64\release\audio.obj
f:\aladdinproject\aladdin\build\x64\release\spriterenderer.obj
f:\aladdinproject\aladdin\build\x64\release\sprite.obj
f:\aladdinproject\aladdin\build\x64\release\size.obj
f:\aladdinproject\aladdin\build\x64\release\rect.obj
f:\aladdinproject\aladdin\build\x64\release\rectmessageargs.obj
f:\aladdinproject\aladdin\build\x64\release\linerenderer.obj
f:\aladdinproject\aladdin\build\x64\release\graphics.obj
f:\aladdinproject\aladdin\build\x64\release\cameraprefab.obj
f:\aladdinproject\aladdin\build\x64\release\camera.obj
f:\aladdinproject\aladdin\build\x64\release\animator.obj
f:\aladdinproject\aladdin\build\x64\release\animationaction.obj
f:\aladdinproject\aladdin\build\x64\release\animation.obj
f:\aladdinproject\aladdin\build\x64\release\statetransition.obj
f:\aladdinproject\aladdin\build\x64\release\statemanager.obj
f:\aladdinproject\aladdin\build\x64\release\scene.obj
f:\aladdinproject\aladdin\build\x64\release\resourceinitializer.obj
f:\aladdinproject\aladdin\build\x64\release\releasable.obj
f:\aladdinproject\aladdin\build\x64\release\prefab.obj
f:\aladdinproject\aladdin\build\x64\release\messenger.obj
f:\aladdinproject\aladdin\build\x64\release\messagelistener.obj
f:\aladdinproject\aladdin\build\x64\release\logger.obj
f:\aladdinproject\aladdin\build\x64\release\loadable.obj
f:\aladdinproject\aladdin\build\x64\release\initializable.obj
f:\aladdinproject\aladdin\build\x64\release\messageargs.obj
f:\aladdinproject\aladdin\build\x64\release\mat4.obj
f:\aladdinproject\aladdin\build\x64\release\state.obj
f:\aladdinproject\aladdin\build\x64\release\quadtree.obj
f:\aladdinproject\aladdin\build\x64\release\quadnode.obj
f:\aladdinproject\aladdin\build\x64\release\gameresource.obj
f:\aladdinproject\aladdin\build\x64\release\gameobjectcomponent.obj
f:\aladdinproject\aladdin\build\x64\release\gameobject.obj
f:\aladdinproject\aladdin\build\x64\release\gamemanager.obj
f:\aladdinproject\aladdin\build\x64\release\rigidbody.obj
f:\aladdinproject\aladdin\build\x64\release\physicsmaterial.obj
f:\aladdinproject\aladdin\build\x64\release\physicsmanager.obj
f:\aladdinproject\aladdin\build\x64\release\collisioninfo.obj
f:\aladdinproject\aladdin\build\x64\release\colliderrenderer.obj
f:\aladdinproject\aladdin\build\x64\release\collider.obj
f:\aladdinproject\aladdin\build\x64\release\input.obj
f:\aladdinproject\aladdin\build\x64\release\timer.obj
f:\aladdinproject\aladdin\build\x64\release\sequence.obj
f:\aladdinproject\aladdin\build\x64\release\rotateby.obj
f:\aladdinproject\aladdin\build\x64\release\repeat.obj
f:\aladdinproject\aladdin\build\x64\release\rectrenderer.obj
f:\aladdinproject\aladdin\build\x64\release\moveby.obj
f:\aladdinproject\aladdin\build\x64\release\blink.obj
f:\aladdinproject\aladdin\build\x64\release\animationeditor.obj
f:\aladdinproject\aladdin\build\x64\release\actionmanager.obj
f:\aladdinproject\aladdin\build\x64\release\action.obj
f:\aladdinproject\aladdin\build\x64\release\vec2.obj
f:\aladdinproject\aladdin\build\x64\release\transform.obj
f:\aladdinproject\aladdin\build\x64\release\stringmessageargs.obj
f:\aladdinproject\aladdin\build\x64\release\text.obj
f:\aladdinproject\aladdin\build\x64\release\recttransform.obj
f:\aladdinproject\aladdin\build\x64\release\fontinfo.obj
f:\aladdinproject\aladdin\build\x64\release\font.obj
f:\aladdinproject\aladdin\build\x64\release\pugixml.obj
f:\aladdinproject\aladdin\build\x64\release\callfunc.obj
f:\aladdinproject\aladdin\build\x64\release\bitmaptext.obj
f:\aladdinproject\aladdin\build\x64\release\bitmapfont.obj
f:\aladdinproject\aladdin\build\x64\release\prefabv2.obj
f:\aladdinproject\aladdin\build\x64\release\mapresource.obj
f:\aladdinproject\aladdin\build\x64\release\mapobject.obj
f:\aladdinproject\aladdin\build\x64\release\waitforseconds.obj
f:\aladdinproject\bin\x64\release\aladdin.lib
f:\aladdinproject\aladdin\build\x64\release\aladdin.tlog\cl.command.1.tlog
f:\aladdinproject\aladdin\build\x64\release\aladdin.tlog\cl.read.1.tlog
f:\aladdinproject\aladdin\build\x64\release\aladdin.tlog\cl.write.1.tlog
f:\aladdinproject\aladdin\build\x64\release\aladdin.tlog\lib-link.read.1.tlog
f:\aladdinproject\aladdin\build\x64\release\aladdin.tlog\lib-link.write.1.tlog
f:\aladdinproject\aladdin\build\x64\release\aladdin.tlog\lib.command.1.tlog
